[2017-12-03 23:11:57.096] [INFO] resLogger - 
*************** response log start ***************
request method: GET
request originalUrl:  /api/v1/tags/getUser?id=1
request client ip:  ::ffff:127.0.0.1
request query:  {"id":"1"}
response time: 0
response status: 200
response body: 
{"code":0,"message":"success","data":{"username":"瞿龙俊1","age":26}}
*************** response log end ***************

[2017-12-03 23:46:07.589] [INFO] resLogger - 
*************** response log start ***************
request method: GET
request originalUrl:  /api/v1/tags/getUser?id=1
request client ip:  ::ffff:127.0.0.1
request query:  {"id":"1"}
response time: 7
response status: 200
response body: 
{"code":0,"message":"success","data":{"username":"瞿龙俊1","age":26}}
*************** response log end ***************

[2017-12-03 23:46:08.655] [INFO] resLogger - 
*************** response log start ***************
request method: GET
request originalUrl:  /api/v1/tags/getUser?id=1
request client ip:  ::ffff:127.0.0.1
request query:  {"id":"1"}
response time: 2
response status: 200
response body: 
{"code":0,"message":"success","data":{"username":"瞿龙俊1","age":26}}
*************** response log end ***************

[2017-12-03 23:46:09.298] [INFO] resLogger - 
*************** response log start ***************
request method: GET
request originalUrl:  /api/v1/tags/getUser?id=1
request client ip:  ::ffff:127.0.0.1
request query:  {"id":"1"}
response time: 0
response status: 200
response body: 
{"code":0,"message":"success","data":{"username":"瞿龙俊1","age":26}}
*************** response log end ***************

[2017-12-03 23:46:19.248] [INFO] resLogger - 
*************** response log start ***************
request method: GET
request originalUrl:  /api/v1/tags/getUser?id=1
request client ip:  ::ffff:127.0.0.1
request query:  {"id":"1"}
response time: 0
response status: 200
response body: 
{"code":0,"message":"success","data":{"username":"瞿龙俊1","age":26}}
*************** response log end ***************

[2017-12-03 23:48:55.271] [INFO] resLogger - 
*************** response log start ***************
request method: GET
request originalUrl:  /api/v1/tags/getUser?id=1
request client ip:  ::ffff:127.0.0.1
request query:  {"id":"1"}
response time: 6
response status: 200
response body: 
{"code":0,"message":"success","data":{"username":"瞿龙俊1","age":26}}
*************** response log end ***************

[2017-12-03 23:52:40.438] [INFO] resLogger - 
*************** response log start ***************
request method: GET
request originalUrl:  /api/v1/tags/getUser?id=1
request client ip:  ::ffff:127.0.0.1
request query:  {"id":"1"}
response time: 7
response status: 200
response body: 
{"code":0,"message":"success","data":{"username":"瞿龙俊1","age":26}}
*************** response log end ***************

[2017-12-03 23:52:46.921] [INFO] resLogger - 
*************** response log start ***************
request method: GET
request originalUrl:  /api/v1/tags/getUser?id=1
request client ip:  ::ffff:127.0.0.1
request query:  {"id":"1"}
response time: 3
response status: 200
response body: 
{"code":0,"message":"success","data":{"username":"瞿龙俊1","age":26}}
*************** response log end ***************

[2017-12-03 23:53:44.953] [INFO] resLogger - 
*************** response log start ***************
request method: GET
request originalUrl:  /api/v1/tags/getUser?id=1
request client ip:  ::ffff:127.0.0.1
request query:  {"id":"1"}
response time: 6
response status: 200
response body: 
{"code":0,"message":"success","data":{"username":"瞿龙俊1","age":26}}
*************** response log end ***************

[2017-12-03 23:54:02.105] [INFO] resLogger - 
*************** response log start ***************
request method: GET
request originalUrl:  /api/v1/tags/getUser?id=1
request client ip:  ::ffff:127.0.0.1
request query:  {"id":"1"}
response time: 1
response status: 200
response body: 
{"code":0,"message":"success","data":{"username":"瞿龙俊1","age":26}}
*************** response log end ***************

[2017-12-03 23:58:51.551] [INFO] resLogger - 
*************** response log start ***************
request method: GET
request originalUrl:  /api/v1/tags/getUser?id=1
request client ip:  ::ffff:127.0.0.1
request query:  {"id":"1"}
response time: 7
response status: 200
response body: 
{"code":0,"message":"success","data":{"username":"瞿龙俊1","age":26}}
*************** response log end ***************

[2017-12-03 23:59:07.387] [INFO] resLogger - 
*************** response log start ***************
request method: GET
request originalUrl:  /api/v1/tags/registeruser
request client ip:  ::ffff:127.0.0.1
request query:  {}
response time: 0
response status: 200
response body: 
{"code":0,"message":"success"}
*************** response log end ***************

[2017-12-03 23:59:32.311] [INFO] resLogger - 
*************** response log start ***************
request method: GET
request originalUrl:  /api/v1/tags/registeruser
request client ip:  ::ffff:127.0.0.1
request query:  {}
response time: 0
response status: 200
response body: 
{"code":0,"message":"success"}
*************** response log end ***************

[2017-12-03 23:59:36.779] [INFO] resLogger - 
*************** response log start ***************
request method: GET
request originalUrl:  /api/v1/tags/registeruser?id=1
request client ip:  ::ffff:127.0.0.1
request query:  {"id":"1"}
response time: 0
response status: 200
response body: 
{"code":0,"message":"success"}
*************** response log end ***************

