[2017-12-04 14:26:27.060] [ERROR] errorLogger - 
*************** error log start ***************
request method: GET
request originalUrl:  /api/v1.0/tags/list
request client ip:  ::ffff:127.0.0.1
request query:  {}
response time: 73
err name: serviceError
err message: 服务器异常
err stack: serviceError: 服务器异常
    at exports.list (/Users/qulongjun/Project/Blog_Node/app/controllers/Tags.js:27:15)
    at <anonymous>
*************** error log end ***************

[2017-12-04 14:26:27.851] [ERROR] errorLogger - 
*************** error log start ***************
request method: GET
request originalUrl:  /api/v1.0/tags/list
request client ip:  ::ffff:127.0.0.1
request query:  {}
response time: 19
err name: serviceError
err message: 服务器异常
err stack: serviceError: 服务器异常
    at exports.list (/Users/qulongjun/Project/Blog_Node/app/controllers/Tags.js:27:15)
    at <anonymous>
*************** error log end ***************

[2017-12-04 14:26:28.676] [ERROR] errorLogger - 
*************** error log start ***************
request method: GET
request originalUrl:  /api/v1.0/tags/list
request client ip:  ::ffff:127.0.0.1
request query:  {}
response time: 14
err name: serviceError
err message: 服务器异常
err stack: serviceError: 服务器异常
    at exports.list (/Users/qulongjun/Project/Blog_Node/app/controllers/Tags.js:27:15)
    at <anonymous>
*************** error log end ***************

[2017-12-04 14:32:53.707] [ERROR] errorLogger - 
*************** error log start ***************
request method: GET
request originalUrl:  /api/v1.0/tags/list
request client ip:  ::ffff:127.0.0.1
request query:  {}
response time: 94
err name: serviceError
err message: 服务器异常
err stack: serviceError: 服务器异常
    at list (/Users/qulongjun/Project/Blog_Node/app/controllers/tags.js:27:15)
    at <anonymous>
*************** error log end ***************

[2017-12-04 14:34:47.417] [ERROR] errorLogger - 
*************** error log start ***************
request method: GET
request originalUrl:  /api/v1.0/tags/list
request client ip:  ::ffff:127.0.0.1
request query:  {}
response time: 185
err name: serviceError
err message: 服务器异常
err stack: serviceError: 服务器异常
    at list (/Users/qulongjun/Project/Blog_Node/app/controllers/tags.js:27:15)
    at <anonymous>
*************** error log end ***************

[2017-12-04 14:35:02.711] [ERROR] errorLogger - 
*************** error log start ***************
request method: GET
request originalUrl:  /api/v1.0/tags/list
request client ip:  ::ffff:127.0.0.1
request query:  {}
response time: 195
err name: serviceError
err message: 服务器异常
err stack: serviceError: 服务器异常
    at list (/Users/qulongjun/Project/Blog_Node/app/controllers/tags.js:27:15)
    at <anonymous>
*************** error log end ***************

[2017-12-04 14:35:32.652] [ERROR] errorLogger - 
*************** error log start ***************
request method: GET
request originalUrl:  /api/v1.0/tags/list
request client ip:  ::ffff:127.0.0.1
request query:  {}
response time: 115
err name: serviceError
err message: 服务器异常
err stack: serviceError: 服务器异常
    at list (/Users/qulongjun/Project/Blog_Node/app/controllers/tags.js:27:15)
    at <anonymous>
*************** error log end ***************

[2017-12-04 14:35:34.631] [ERROR] errorLogger - 
*************** error log start ***************
request method: GET
request originalUrl:  /api/v1.0/tags/list
request client ip:  ::ffff:127.0.0.1
request query:  {}
response time: 21
err name: serviceError
err message: 服务器异常
err stack: serviceError: 服务器异常
    at list (/Users/qulongjun/Project/Blog_Node/app/controllers/tags.js:27:15)
    at <anonymous>
*************** error log end ***************

[2017-12-04 14:36:01.929] [ERROR] errorLogger - 
*************** error log start ***************
request method: GET
request originalUrl:  /api/v1.0/tags/create
request client ip:  ::ffff:127.0.0.1
request query:  {}
response time: 61
err name: serviceError
err message: 服务器异常
err stack: serviceError: 服务器异常
    at create (/Users/qulongjun/Project/Blog_Node/app/controllers/tags.js:50:15)
    at <anonymous>
*************** error log end ***************

[2017-12-04 14:36:29.730] [ERROR] errorLogger - 
*************** error log start ***************
request method: GET
request originalUrl:  /api/v1.0/tags/create
request client ip:  ::ffff:127.0.0.1
request query:  {}
response time: 23
err name: serviceError
err message: 服务器异常
err stack: serviceError: 服务器异常
    at create (/Users/qulongjun/Project/Blog_Node/app/controllers/tags.js:50:15)
    at <anonymous>
*************** error log end ***************

[2017-12-04 14:36:55.980] [ERROR] errorLogger - 
*************** error log start ***************
request method: GET
request originalUrl:  /api/v1.0/tags/create
request client ip:  ::ffff:127.0.0.1
request query:  {}
response time: 26
err name: serviceError
err message: 服务器异常
err stack: serviceError: 服务器异常
    at create (/Users/qulongjun/Project/Blog_Node/app/controllers/tags.js:50:15)
    at <anonymous>
*************** error log end ***************

[2017-12-04 14:36:56.750] [ERROR] errorLogger - 
*************** error log start ***************
request method: GET
request originalUrl:  /api/v1.0/tags/create
request client ip:  ::ffff:127.0.0.1
request query:  {}
response time: 15
err name: serviceError
err message: 服务器异常
err stack: serviceError: 服务器异常
    at create (/Users/qulongjun/Project/Blog_Node/app/controllers/tags.js:50:15)
    at <anonymous>
*************** error log end ***************

[2017-12-04 14:36:57.492] [ERROR] errorLogger - 
*************** error log start ***************
request method: GET
request originalUrl:  /api/v1.0/tags/create
request client ip:  ::ffff:127.0.0.1
request query:  {}
response time: 14
err name: serviceError
err message: 服务器异常
err stack: serviceError: 服务器异常
    at create (/Users/qulongjun/Project/Blog_Node/app/controllers/tags.js:50:15)
    at <anonymous>
*************** error log end ***************

[2017-12-04 14:36:58.395] [ERROR] errorLogger - 
*************** error log start ***************
request method: GET
request originalUrl:  /api/v1.0/tags/create
request client ip:  ::ffff:127.0.0.1
request query:  {}
response time: 20
err name: serviceError
err message: 服务器异常
err stack: serviceError: 服务器异常
    at create (/Users/qulongjun/Project/Blog_Node/app/controllers/tags.js:50:15)
    at <anonymous>
*************** error log end ***************

[2017-12-04 14:37:00.080] [ERROR] errorLogger - 
*************** error log start ***************
request method: GET
request originalUrl:  /api/v1.0/tags/create
request client ip:  ::ffff:127.0.0.1
request query:  {}
response time: 26
err name: serviceError
err message: 服务器异常
err stack: serviceError: 服务器异常
    at create (/Users/qulongjun/Project/Blog_Node/app/controllers/tags.js:50:15)
    at <anonymous>
*************** error log end ***************

[2017-12-04 14:37:31.298] [ERROR] errorLogger - 
*************** error log start ***************
request method: GET
request originalUrl:  /api/v1.0/tags/create
request client ip:  ::ffff:127.0.0.1
request query:  {}
response time: 58
err name: serviceError
err message: 服务器异常
err stack: serviceError: 服务器异常
    at create (/Users/qulongjun/Project/Blog_Node/app/controllers/tags.js:48:15)
    at <anonymous>
*************** error log end ***************

[2017-12-04 14:37:32.274] [ERROR] errorLogger - 
*************** error log start ***************
request method: GET
request originalUrl:  /api/v1.0/tags/create
request client ip:  ::ffff:127.0.0.1
request query:  {}
response time: 17
err name: serviceError
err message: 服务器异常
err stack: serviceError: 服务器异常
    at create (/Users/qulongjun/Project/Blog_Node/app/controllers/tags.js:48:15)
    at <anonymous>
*************** error log end ***************

[2017-12-04 14:37:33.074] [ERROR] errorLogger - 
*************** error log start ***************
request method: GET
request originalUrl:  /api/v1.0/tags/create
request client ip:  ::ffff:127.0.0.1
request query:  {}
response time: 16
err name: serviceError
err message: 服务器异常
err stack: serviceError: 服务器异常
    at create (/Users/qulongjun/Project/Blog_Node/app/controllers/tags.js:48:15)
    at <anonymous>
*************** error log end ***************

[2017-12-04 14:37:34.710] [ERROR] errorLogger - 
*************** error log start ***************
request method: GET
request originalUrl:  /api/v1.0/tags/create
request client ip:  ::ffff:127.0.0.1
request query:  {}
response time: 18
err name: serviceError
err message: 服务器异常
err stack: serviceError: 服务器异常
    at create (/Users/qulongjun/Project/Blog_Node/app/controllers/tags.js:48:15)
    at <anonymous>
*************** error log end ***************

[2017-12-04 14:37:37.279] [ERROR] errorLogger - 
*************** error log start ***************
request method: GET
request originalUrl:  /api/v1.0/tags/list
request client ip:  ::ffff:127.0.0.1
request query:  {}
response time: 17
err name: serviceError
err message: 服务器异常
err stack: serviceError: 服务器异常
    at list (/Users/qulongjun/Project/Blog_Node/app/controllers/tags.js:26:15)
    at <anonymous>
*************** error log end ***************

[2017-12-04 14:37:40.161] [ERROR] errorLogger - 
*************** error log start ***************
request method: GET
request originalUrl:  /api/v1.0/tags/list
request client ip:  ::ffff:127.0.0.1
request query:  {}
response time: 22
err name: serviceError
err message: 服务器异常
err stack: serviceError: 服务器异常
    at list (/Users/qulongjun/Project/Blog_Node/app/controllers/tags.js:26:15)
    at <anonymous>
*************** error log end ***************

[2017-12-04 14:37:49.064] [ERROR] errorLogger - 
*************** error log start ***************
request method: GET
request originalUrl:  /api/v1.0/tags/list
request client ip:  ::ffff:127.0.0.1
request query:  {}
response time: 15
err name: serviceError
err message: 服务器异常
err stack: serviceError: 服务器异常
    at list (/Users/qulongjun/Project/Blog_Node/app/controllers/tags.js:26:15)
    at <anonymous>
*************** error log end ***************

[2017-12-04 14:40:52.729] [ERROR] errorLogger - 
*************** error log start ***************
request method: GET
request originalUrl:  /api/v1.0/tag/list
request client ip:  ::ffff:127.0.0.1
request query:  {}
response time: 25
err name: serviceError
err message: 服务器异常
err stack: serviceError: 服务器异常
    at list (/Users/qulongjun/Project/Blog_Node/app/controllers/tags.js:26:15)
    at <anonymous>
*************** error log end ***************

[2017-12-04 14:41:00.181] [ERROR] errorLogger - 
*************** error log start ***************
request method: GET
request originalUrl:  /api/v1.0/tag/list
request client ip:  ::ffff:127.0.0.1
request query:  {}
response time: 16
err name: serviceError
err message: 服务器异常
err stack: serviceError: 服务器异常
    at list (/Users/qulongjun/Project/Blog_Node/app/controllers/tags.js:26:15)
    at <anonymous>
*************** error log end ***************

[2017-12-04 14:41:25.423] [ERROR] errorLogger - 
*************** error log start ***************
request method: GET
request originalUrl:  /api/v1.0/tag/list
request client ip:  ::ffff:127.0.0.1
request query:  {}
response time: 36
err name: serviceError
err message: 服务器异常
err stack: serviceError: 服务器异常
    at list (/Users/qulongjun/Project/Blog_Node/app/controllers/tags.js:27:15)
    at <anonymous>
*************** error log end ***************

[2017-12-04 14:57:03.333] [ERROR] errorLogger - 
*************** error log start ***************
request method: POST
request originalUrl:  /api/v1.0/tag/create
request client ip:  ::ffff:127.0.0.1
request body: 
{"name":"Javascript"}
response time: 41
err name: serviceError
err message: 服务器异常
err stack: serviceError: 服务器异常
    at create (/Users/qulongjun/Project/Blog_Node/app/controllers/tags.js:36:15)
    at <anonymous>
*************** error log end ***************

[2017-12-04 14:58:04.213] [ERROR] errorLogger - 
*************** error log start ***************
request method: POST
request originalUrl:  /api/v1.0/tag/create
request client ip:  ::ffff:127.0.0.1
request body: 
{"name":"Javascript"}
response time: 49
err name: serviceError
err message: 服务器异常
err stack: serviceError: 服务器异常
    at create (/Users/qulongjun/Project/Blog_Node/app/controllers/tags.js:38:15)
    at <anonymous>
*************** error log end ***************

