[2017-12-04 11:24:42.240] [ERROR] errorLogger - 
*************** error log start ***************
request method: GET
request originalUrl:  /api/v1.0/tags/list
request client ip:  ::ffff:127.0.0.1
request query:  {}
response time: 171
err name: serviceError
err message: 服务器异常
err stack: serviceError: 服务器异常
    at exports.list (/Users/qulongjun/Project/Blog_Node/app/controllers/tags.js:27:15)
    at <anonymous>
*************** error log end ***************

[2017-12-04 11:24:44.152] [ERROR] errorLogger - 
*************** error log start ***************
request method: GET
request originalUrl:  /api/v1.0/tags/list
request client ip:  ::ffff:127.0.0.1
request query:  {}
response time: 15
err name: serviceError
err message: 服务器异常
err stack: serviceError: 服务器异常
    at exports.list (/Users/qulongjun/Project/Blog_Node/app/controllers/tags.js:27:15)
    at <anonymous>
*************** error log end ***************

