[2017-12-04 15:02:49.639] [ERROR] errorLogger - 
*************** error log start ***************
request method: POST
request originalUrl:  /api/v1.0/tag/create
request client ip:  ::ffff:127.0.0.1
request body: 
{"name":"Javascript"}
response time: 62
err name: serviceError
err message: 服务器异常
err stack: serviceError: 服务器异常
    at create (/Users/qulongjun/Project/Blog_Node/app/controllers/tags.js:35:15)
    at <anonymous>
*************** error log end ***************

[2017-12-04 15:03:00.281] [ERROR] errorLogger - 
*************** error log start ***************
request method: POST
request originalUrl:  /api/v1.0/tag/create
request client ip:  ::ffff:127.0.0.1
request body: 
{"name":"Javascript"}
response time: 37
err name: serviceError
err message: 服务器异常
err stack: serviceError: 服务器异常
    at create (/Users/qulongjun/Project/Blog_Node/app/controllers/tags.js:35:15)
    at <anonymous>
*************** error log end ***************

[2017-12-04 15:05:26.062] [ERROR] errorLogger - 
*************** error log start ***************
request method: POST
request originalUrl:  /api/v1.0/tag/create
request client ip:  ::ffff:127.0.0.1
request body: 
{"name":"Javascript"}
response time: 54
err name: serviceError
err message: 服务器异常
err stack: serviceError: 服务器异常
    at create (/Users/qulongjun/Project/Blog_Node/app/controllers/tags.js:37:15)
    at <anonymous>
*************** error log end ***************

[2017-12-04 15:18:18.148] [ERROR] errorLogger - 
*************** error log start ***************
request method: POST
request originalUrl:  /api/v1.0/tag/create
request client ip:  ::ffff:127.0.0.1
request body: 
{"name":"Javascript"}
response time: 29
err name: uniqueError
err message: 数据库已存在相同值
err stack: uniqueError: 数据库已存在相同值
    at create (/Users/qulongjun/Project/Blog_Node/app/controllers/tags.js:36:15)
    at <anonymous>
*************** error log end ***************

[2017-12-04 15:28:29.360] [ERROR] errorLogger - 
*************** error log start ***************
request method: POST
request originalUrl:  /api/v1.0/tag/create
request client ip:  ::ffff:127.0.0.1
request body: 
{"name":"Javascript"}
response time: 35
err name: ReferenceError
err message: error is not defined
err stack: ReferenceError: error is not defined
    at create (/Users/qulongjun/Project/Blog_Node/app/controllers/tags.js:37:9)
    at <anonymous>
*************** error log end ***************

[2017-12-04 15:29:37.097] [ERROR] errorLogger - 
*************** error log start ***************
request method: POST
request originalUrl:  /api/v1.0/tag/create
request client ip:  ::ffff:127.0.0.1
request body: 
{"name":"Javascript"}
response time: 30
err name: SequelizeUniqueConstraintError
err message: Validation error
err stack: SequelizeUniqueConstraintError: Validation error
    at Query.formatError (/Users/qulongjun/Project/Blog_Node/node_modules/sequelize/lib/dialects/mysql/query.js:207:16)
    at Query.connection.query [as onResult] (/Users/qulongjun/Project/Blog_Node/node_modules/sequelize/lib/dialects/mysql/query.js:55:23)
    at Query.Command.execute (/Users/qulongjun/Project/Blog_Node/node_modules/mysql2/lib/commands/command.js:30:12)
    at Connection.handlePacket (/Users/qulongjun/Project/Blog_Node/node_modules/mysql2/lib/connection.js:515:28)
    at PacketParser.onPacket (/Users/qulongjun/Project/Blog_Node/node_modules/mysql2/lib/connection.js:94:16)
    at PacketParser.executeStart (/Users/qulongjun/Project/Blog_Node/node_modules/mysql2/lib/packet_parser.js:77:14)
    at Socket.<anonymous> (/Users/qulongjun/Project/Blog_Node/node_modules/mysql2/lib/connection.js:102:29)
    at emitOne (events.js:125:13)
    at Socket.emit (events.js:221:7)
    at addChunk (_stream_readable.js:265:12)
    at readableAddChunk (_stream_readable.js:252:11)
    at Socket.Readable.push (_stream_readable.js:209:10)
    at TCP.onread (net.js:598:20)
*************** error log end ***************

[2017-12-04 15:32:47.838] [ERROR] errorLogger - 
*************** error log start ***************
request method: POST
request originalUrl:  /api/v1.0/tag/create
request client ip:  ::ffff:127.0.0.1
request body: 
{"name":"Javascript"}
response time: 28
err name: SequelizeUniqueConstraintError
err message: Validation error
err stack: SequelizeUniqueConstraintError: Validation error
    at Query.formatError (/Users/qulongjun/Project/Blog_Node/node_modules/sequelize/lib/dialects/mysql/query.js:207:16)
    at Query.connection.query [as onResult] (/Users/qulongjun/Project/Blog_Node/node_modules/sequelize/lib/dialects/mysql/query.js:55:23)
    at Query.Command.execute (/Users/qulongjun/Project/Blog_Node/node_modules/mysql2/lib/commands/command.js:30:12)
    at Connection.handlePacket (/Users/qulongjun/Project/Blog_Node/node_modules/mysql2/lib/connection.js:515:28)
    at PacketParser.onPacket (/Users/qulongjun/Project/Blog_Node/node_modules/mysql2/lib/connection.js:94:16)
    at PacketParser.executeStart (/Users/qulongjun/Project/Blog_Node/node_modules/mysql2/lib/packet_parser.js:77:14)
    at Socket.<anonymous> (/Users/qulongjun/Project/Blog_Node/node_modules/mysql2/lib/connection.js:102:29)
    at emitOne (events.js:125:13)
    at Socket.emit (events.js:221:7)
    at addChunk (_stream_readable.js:265:12)
    at readableAddChunk (_stream_readable.js:252:11)
    at Socket.Readable.push (_stream_readable.js:209:10)
    at TCP.onread (net.js:598:20)
*************** error log end ***************

[2017-12-04 15:33:07.497] [ERROR] errorLogger - 
*************** error log start ***************
request method: POST
request originalUrl:  /api/v1.0/tag/create
request client ip:  ::ffff:127.0.0.1
request body: 
{"name":"Javascript"}
response time: 29
err name: SequelizeUniqueConstraintError
err message: Validation error
err stack: SequelizeUniqueConstraintError: Validation error
    at Query.formatError (/Users/qulongjun/Project/Blog_Node/node_modules/sequelize/lib/dialects/mysql/query.js:207:16)
    at Query.connection.query [as onResult] (/Users/qulongjun/Project/Blog_Node/node_modules/sequelize/lib/dialects/mysql/query.js:55:23)
    at Query.Command.execute (/Users/qulongjun/Project/Blog_Node/node_modules/mysql2/lib/commands/command.js:30:12)
    at Connection.handlePacket (/Users/qulongjun/Project/Blog_Node/node_modules/mysql2/lib/connection.js:515:28)
    at PacketParser.onPacket (/Users/qulongjun/Project/Blog_Node/node_modules/mysql2/lib/connection.js:94:16)
    at PacketParser.executeStart (/Users/qulongjun/Project/Blog_Node/node_modules/mysql2/lib/packet_parser.js:77:14)
    at Socket.<anonymous> (/Users/qulongjun/Project/Blog_Node/node_modules/mysql2/lib/connection.js:102:29)
    at emitOne (events.js:125:13)
    at Socket.emit (events.js:221:7)
    at addChunk (_stream_readable.js:265:12)
    at readableAddChunk (_stream_readable.js:252:11)
    at Socket.Readable.push (_stream_readable.js:209:10)
    at TCP.onread (net.js:598:20)
*************** error log end ***************

[2017-12-04 15:50:35.143] [ERROR] errorLogger - 
*************** error log start ***************
request method: POST
request originalUrl:  /api/v1.0/tag/create
request client ip:  ::ffff:127.0.0.1
request body: 
{"name":"Javascript"}
response time: 30
err name: TypeError
err message: Class constructor ApiError cannot be invoked without 'new'
err stack: TypeError: Class constructor ApiError cannot be invoked without 'new'
    at catchHandle (/Users/qulongjun/Project/Blog_Node/middlewares/error_catch.js:20:19)
    at <anonymous>
*************** error log end ***************

[2017-12-04 15:51:43.527] [ERROR] errorLogger - 
*************** error log start ***************
request method: POST
request originalUrl:  /api/v1.0/tag/create
request client ip:  ::ffff:127.0.0.1
request body: 
{"name":"Javascript"}
response time: 75
err name: TypeError
err message: Class constructor ApiError cannot be invoked without 'new'
err stack: TypeError: Class constructor ApiError cannot be invoked without 'new'
    at catchHandle (/Users/qulongjun/Project/Blog_Node/middlewares/error_catch.js:20:19)
    at <anonymous>
*************** error log end ***************

[2017-12-04 15:52:05.798] [ERROR] errorLogger - 
*************** error log start ***************
request method: POST
request originalUrl:  /api/v1.0/tag/create
request client ip:  ::ffff:127.0.0.1
request body: 
{"name":"Javascript"}
response time: 80
err name: TypeError
err message: Class constructor ApiError cannot be invoked without 'new'
err stack: TypeError: Class constructor ApiError cannot be invoked without 'new'
    at catchHandle (/Users/qulongjun/Project/Blog_Node/middlewares/error_catch.js:20:19)
    at <anonymous>
*************** error log end ***************

[2017-12-04 15:53:18.640] [ERROR] errorLogger - 
*************** error log start ***************
request method: POST
request originalUrl:  /api/v1.0/tag/create
request client ip:  ::ffff:127.0.0.1
request body: 
{"name":"Javascript"}
response time: 44
err name: TypeError
err message: Class constructor ApiError cannot be invoked without 'new'
err stack: TypeError: Class constructor ApiError cannot be invoked without 'new'
    at catchHandle (/Users/qulongjun/Project/Blog_Node/middlewares/error_catch.js:20:19)
    at <anonymous>
*************** error log end ***************

[2017-12-04 15:53:19.471] [ERROR] errorLogger - 
*************** error log start ***************
request method: POST
request originalUrl:  /api/v1.0/tag/create
request client ip:  ::ffff:127.0.0.1
request body: 
{"name":"Javascript"}
response time: 31
err name: TypeError
err message: Class constructor ApiError cannot be invoked without 'new'
err stack: TypeError: Class constructor ApiError cannot be invoked without 'new'
    at catchHandle (/Users/qulongjun/Project/Blog_Node/middlewares/error_catch.js:20:19)
    at <anonymous>
*************** error log end ***************

[2017-12-04 15:54:00.756] [ERROR] errorLogger - 
*************** error log start ***************
request method: POST
request originalUrl:  /api/v1.0/tag/create
request client ip:  ::ffff:127.0.0.1
request body: 
{"name":"Javascript"}
response time: 28
err name: TypeError
err message: Class constructor ApiError cannot be invoked without 'new'
err stack: TypeError: Class constructor ApiError cannot be invoked without 'new'
    at catchHandle (/Users/qulongjun/Project/Blog_Node/middlewares/error_catch.js:20:19)
    at <anonymous>
*************** error log end ***************

[2017-12-04 15:54:39.961] [ERROR] errorLogger - 
*************** error log start ***************
request method: POST
request originalUrl:  /api/v1.0/tag/create
request client ip:  ::ffff:127.0.0.1
request body: 
{"name":"Javascript"}
response time: 31
err name: TypeError
err message: Class constructor ApiError cannot be invoked without 'new'
err stack: TypeError: Class constructor ApiError cannot be invoked without 'new'
    at catchHandle (/Users/qulongjun/Project/Blog_Node/middlewares/error_catch.js:20:19)
    at <anonymous>
*************** error log end ***************

[2017-12-04 15:55:05.533] [ERROR] errorLogger - 
*************** error log start ***************
request method: POST
request originalUrl:  /api/v1.0/tag/create
request client ip:  ::ffff:127.0.0.1
request body: 
{"name":"Javascript"}
response time: 31
err name: TypeError
err message: Class constructor ApiError cannot be invoked without 'new'
err stack: TypeError: Class constructor ApiError cannot be invoked without 'new'
    at catchHandle (/Users/qulongjun/Project/Blog_Node/middlewares/error_catch.js:20:19)
    at <anonymous>
*************** error log end ***************

[2017-12-04 15:55:06.492] [ERROR] errorLogger - 
*************** error log start ***************
request method: POST
request originalUrl:  /api/v1.0/tag/create
request client ip:  ::ffff:127.0.0.1
request body: 
{"name":"Javascript"}
response time: 17
err name: TypeError
err message: Class constructor ApiError cannot be invoked without 'new'
err stack: TypeError: Class constructor ApiError cannot be invoked without 'new'
    at catchHandle (/Users/qulongjun/Project/Blog_Node/middlewares/error_catch.js:20:19)
    at <anonymous>
*************** error log end ***************

[2017-12-04 15:56:32.944] [ERROR] errorLogger - 
*************** error log start ***************
request method: POST
request originalUrl:  /api/v1.0/tag/create
request client ip:  ::ffff:127.0.0.1
request body: 
{"name":"Javascript"}
response time: 41
err name: unknowError
err message: 未知错误
err stack: unknowError: 未知错误
    at catchHandle (/Users/qulongjun/Project/Blog_Node/middlewares/error_catch.js:20:19)
    at <anonymous>
*************** error log end ***************

[2017-12-04 15:59:45.386] [ERROR] errorLogger - 
*************** error log start ***************
request method: POST
request originalUrl:  /api/v1.0/tag/create
request client ip:  ::ffff:127.0.0.1
request body: 
{"name":""}
response time: 21
err name: unknowError
err message: 未知错误
err stack: unknowError: 未知错误
    at catchHandle (/Users/qulongjun/Project/Blog_Node/middlewares/error_catch.js:20:19)
    at <anonymous>
*************** error log end ***************

